# JRE version: OpenJDK Runtime Environment (11.0.12+7) (build 11.0.12+7-b1504.28-7817840)
# Java VM: OpenJDK 64-Bit Server VM (11.0.12+7-b1504.28-7817840, mixed mode, tiered, compressed oops, g1 gc, windows-amd64)
Heap:
 garbage-first heap   total 394240K, used 360426K [0x00000000a0000000, 0x0000000100000000)
  region size 1024K, 33 young (33792K), 9 survivors (9216K)
 Metaspace       used 114980K, capacity 118313K, committed 118572K, reserved 1150976K
  class space    used 14893K, capacity 16134K, committed 16256K, reserved 1048576K
GC Heap History (20 events):
Event: 21.312 GC heap before
{Heap before GC invocations=19 (full 0):
 garbage-first heap   total 262144K, used 209311K [0x00000000a0000000, 0x0000000100000000)
  region size 1024K, 82 young (83968K), 5 survivors (5120K)
 Metaspace       used 96463K, capacity 99137K, committed 99244K, reserved 1134592K
  class space    used 12291K, capacity 13287K, committed 13312K, reserved 1048576K
}
Event: 21.322 GC heap after
{Heap after GC invocations=20 (full 0):
 garbage-first heap   total 262144K, used 131843K [0x00000000a0000000, 0x0000000100000000)
  region size 1024K, 7 young (7168K), 7 survivors (7168K)
 Metaspace       used 96463K, capacity 99137K, committed 99244K, reserved 1134592K
  class space    used 12291K, capacity 13287K, committed 13312K, reserved 1048576K
}
Event: 22.379 GC heap before
{Heap before GC invocations=21 (full 0):
 garbage-first heap   total 262144K, used 211715K [0x00000000a0000000, 0x0000000100000000)
  region size 1024K, 85 young (87040K), 7 survivors (7168K)
 Metaspace       used 96687K, capacity 99297K, committed 99500K, reserved 1136640K
  class space    used 12293K, capacity 13275K, committed 13312K, reserved 1048576K
}
Event: 22.395 GC heap after
{Heap after GC invocations=22 (full 0):
 garbage-first heap   total 262144K, used 135071K [0x00000000a0000000, 0x0000000100000000)
  region size 1024K, 6 young (6144K), 6 survivors (6144K)
 Metaspace       used 96687K, capacity 99297K, committed 99500K, reserved 1136640K
  class space    used 12293K, capacity 13275K, committed 13312K, reserved 1048576K
}
Event: 23.740 GC heap before
{Heap before GC invocations=22 (full 0):
 garbage-first heap   total 262144K, used 214943K [0x00000000a0000000, 0x0000000100000000)
  region size 1024K, 84 young (86016K), 6 survivors (6144K)
 Metaspace       used 97051K, capacity 99758K, committed 99884K, reserved 1136640K
  class space    used 12331K, capacity 13322K, committed 13440K, reserved 1048576K
}
Event: 23.752 GC heap after
{Heap after GC invocations=23 (full 0):
 garbage-first heap   total 262144K, used 139104K [0x00000000a0000000, 0x0000000100000000)
  region size 1024K, 10 young (10240K), 10 survivors (10240K)
 Metaspace       used 97051K, capacity 99758K, committed 99884K, reserved 1136640K
  class space    used 12331K, capacity 13322K, committed 13440K, reserved 1048576K
}
Event: 24.824 GC heap before
{Heap before GC invocations=24 (full 0):
 garbage-first heap   total 262144K, used 214880K [0x00000000a0000000, 0x0000000100000000)
  region size 1024K, 86 young (88064K), 10 survivors (10240K)
 Metaspace       used 97397K, capacity 100097K, committed 100396K, reserved 1136640K
  class space    used 12378K, capacity 13386K, committed 13440K, reserved 1048576K
}
Event: 24.839 GC heap after
{Heap after GC invocations=25 (full 0):
 garbage-first heap   total 262144K, used 141353K [0x00000000a0000000, 0x0000000100000000)
  region size 1024K, 8 young (8192K), 8 survivors (8192K)
 Metaspace       used 97397K, capacity 100097K, committed 100396K, reserved 1136640K
  class space    used 12378K, capacity 13386K, committed 13440K, reserved 1048576K
}
Event: 24.869 GC heap before
{Heap before GC invocations=25 (full 0):
 garbage-first heap   total 262144K, used 144425K [0x00000000a0000000, 0x0000000100000000)
  region size 1024K, 12 young (12288K), 8 survivors (8192K)
 Metaspace       used 97397K, capacity 100097K, committed 100396K, reserved 1136640K
  class space    used 12378K, capacity 13386K, committed 13440K, reserved 1048576K
}
Event: 24.878 GC heap after
{Heap after GC invocations=26 (full 0):
 garbage-first heap   total 262144K, used 140578K [0x00000000a0000000, 0x0000000100000000)
  region size 1024K, 2 young (2048K), 2 survivors (2048K)
 Metaspace       used 97397K, capacity 100097K, committed 100396K, reserved 1136640K
  class space    used 12378K, capacity 13386K, committed 13440K, reserved 1048576K
}
Event: 25.665 GC heap before
{Heap before GC invocations=26 (full 0):
 garbage-first heap   total 262144K, used 217378K [0x00000000a0000000, 0x0000000100000000)
  region size 1024K, 78 young (79872K), 2 survivors (2048K)
 Metaspace       used 97570K, capacity 100311K, committed 100396K, reserved 1136640K
  class space    used 12384K, capacity 13391K, committed 13440K, reserved 1048576K
}
Event: 25.673 GC heap after
{Heap after GC invocations=27 (full 0):
 garbage-first heap   total 262144K, used 143782K [0x00000000a0000000, 0x0000000100000000)
  region size 1024K, 5 young (5120K), 5 survivors (5120K)
 Metaspace       used 97570K, capacity 100311K, committed 100396K, reserved 1136640K
  class space    used 12384K, capacity 13391K, committed 13440K, reserved 1048576K
}
Event: 26.598 GC heap before
{Heap before GC invocations=28 (full 0):
 garbage-first heap   total 262144K, used 212390K [0x00000000a0000000, 0x0000000100000000)
  region size 1024K, 80 young (81920K), 5 survivors (5120K)
 Metaspace       used 101925K, capacity 104644K, committed 104876K, reserved 1140736K
  class space    used 12978K, capacity 13990K, committed 14080K, reserved 1048576K
}
Event: 26.609 GC heap after
{Heap after GC invocations=29 (full 0):
 garbage-first heap   total 262144K, used 144384K [0x00000000a0000000, 0x0000000100000000)
  region size 1024K, 10 young (10240K), 10 survivors (10240K)
 Metaspace       used 101925K, capacity 104644K, committed 104876K, reserved 1140736K
  class space    used 12978K, capacity 13990K, committed 14080K, reserved 1048576K
}
Event: 26.634 GC heap before
{Heap before GC invocations=29 (full 0):
 garbage-first heap   total 262144K, used 146432K [0x00000000a0000000, 0x0000000100000000)
  region size 1024K, 12 young (12288K), 10 survivors (10240K)
 Metaspace       used 102054K, capacity 104811K, committed 104876K, reserved 1140736K
  class space    used 12987K, capacity 14024K, committed 14080K, reserved 1048576K
}
Event: 26.648 GC heap after
{Heap after GC invocations=30 (full 0):
 garbage-first heap   total 262144K, used 126029K [0x00000000a0000000, 0x0000000100000000)
  region size 1024K, 2 young (2048K), 2 survivors (2048K)
 Metaspace       used 102054K, capacity 104811K, committed 104876K, reserved 1140736K
  class space    used 12987K, capacity 14024K, committed 14080K, reserved 1048576K
}
Event: 28.202 GC heap before
{Heap before GC invocations=30 (full 0):
 garbage-first heap   total 262144K, used 209997K [0x00000000a0000000, 0x0000000100000000)
  region size 1024K, 85 young (87040K), 2 survivors (2048K)
 Metaspace       used 110819K, capacity 114113K, committed 114476K, reserved 1148928K
  class space    used 14375K, capacity 15625K, committed 15744K, reserved 1048576K
}
Event: 28.211 GC heap after
{Heap after GC invocations=31 (full 0):
 garbage-first heap   total 262144K, used 127465K [0x00000000a0000000, 0x0000000100000000)
  region size 1024K, 6 young (6144K), 6 survivors (6144K)
 Metaspace       used 110819K, capacity 114113K, committed 114476K, reserved 1148928K
  class space    used 14375K, capacity 15625K, committed 15744K, reserved 1048576K
}
Event: 28.766 GC heap before
{Heap before GC invocations=32 (full 0):
 garbage-first heap   total 262144K, used 176617K [0x00000000a0000000, 0x0000000100000000)
  region size 1024K, 60 young (61440K), 6 survivors (6144K)
 Metaspace       used 114815K, capacity 118105K, committed 118316K, reserved 1150976K
  class space    used 14887K, capacity 16133K, committed 16256K, reserved 1048576K
}
Event: 28.780 GC heap after
{Heap after GC invocations=33 (full 0):
 garbage-first heap   total 262144K, used 126954K [0x00000000a0000000, 0x0000000100000000)
  region size 1024K, 9 young (9216K), 9 survivors (9216K)
 Metaspace       used 114815K, capacity 118105K, committed 118316K, reserved 1150976K
  class space    used 14887K, capacity 16133K, committed 16256K, reserved 1048576K
}

