# JRE version: OpenJDK Runtime Environment (11.0.12+7) (build 11.0.12+7-b1504.28-7817840)
# Java VM: OpenJDK 64-Bit Server VM (11.0.12+7-b1504.28-7817840, mixed mode, tiered, compressed oops, g1 gc, windows-amd64)
Heap:
 garbage-first heap   total 262144K, used 187724K [0x00000000a0000000, 0x0000000100000000)
  region size 1024K, 142 young (145408K), 19 survivors (19456K)
 Metaspace       used 83418K, capacity 85680K, committed 85888K, reserved 1124352K
  class space    used 11002K, capacity 11808K, committed 11904K, reserved 1048576K
GC Heap History (18 events):
Event: 0.441 GC heap before
{Heap before GC invocations=0 (full 0):
 garbage-first heap   total 262144K, used 16384K [0x00000000a0000000, 0x0000000100000000)
  region size 1024K, 14 young (14336K), 0 survivors (0K)
 Metaspace       used 6740K, capacity 6933K, committed 7168K, reserved 1056768K
  class space    used 583K, capacity 650K, committed 768K, reserved 1048576K
}
Event: 0.444 GC heap after
{Heap after GC invocations=1 (full 0):
 garbage-first heap   total 262144K, used 3442K [0x00000000a0000000, 0x0000000100000000)
  region size 1024K, 2 young (2048K), 2 survivors (2048K)
 Metaspace       used 6740K, capacity 6933K, committed 7168K, reserved 1056768K
  class space    used 583K, capacity 650K, committed 768K, reserved 1048576K
}
Event: 2.498 GC heap before
{Heap before GC invocations=1 (full 0):
 garbage-first heap   total 262144K, used 125298K [0x00000000a0000000, 0x0000000100000000)
  region size 1024K, 119 young (121856K), 2 survivors (2048K)
 Metaspace       used 20717K, capacity 21099K, committed 21248K, reserved 1067008K
  class space    used 2551K, capacity 2717K, committed 2816K, reserved 1048576K
}
Event: 2.508 GC heap after
{Heap after GC invocations=2 (full 0):
 garbage-first heap   total 262144K, used 17092K [0x00000000a0000000, 0x0000000100000000)
  region size 1024K, 13 young (13312K), 13 survivors (13312K)
 Metaspace       used 20717K, capacity 21099K, committed 21248K, reserved 1067008K
  class space    used 2551K, capacity 2717K, committed 2816K, reserved 1048576K
}
Event: 2.684 GC heap before
{Heap before GC invocations=3 (full 0):
 garbage-first heap   total 262144K, used 38596K [0x00000000a0000000, 0x0000000100000000)
  region size 1024K, 34 young (34816K), 13 survivors (13312K)
 Metaspace       used 22733K, capacity 23244K, committed 23424K, reserved 1069056K
  class space    used 2906K, capacity 3098K, committed 3200K, reserved 1048576K
}
Event: 2.692 GC heap after
{Heap after GC invocations=4 (full 0):
 garbage-first heap   total 262144K, used 17949K [0x00000000a0000000, 0x0000000100000000)
  region size 1024K, 2 young (2048K), 2 survivors (2048K)
 Metaspace       used 22733K, capacity 23244K, committed 23424K, reserved 1069056K
  class space    used 2906K, capacity 3098K, committed 3200K, reserved 1048576K
}
Event: 4.030 GC heap before
{Heap before GC invocations=4 (full 0):
 garbage-first heap   total 262144K, used 94749K [0x00000000a0000000, 0x0000000100000000)
  region size 1024K, 77 young (78848K), 2 survivors (2048K)
 Metaspace       used 30327K, capacity 31081K, committed 31360K, reserved 1077248K
  class space    used 4087K, capacity 4378K, committed 4480K, reserved 1048576K
}
Event: 4.033 GC heap after
{Heap after GC invocations=5 (full 0):
 garbage-first heap   total 262144K, used 20010K [0x00000000a0000000, 0x0000000100000000)
  region size 1024K, 4 young (4096K), 4 survivors (4096K)
 Metaspace       used 30327K, capacity 31081K, committed 31360K, reserved 1077248K
  class space    used 4087K, capacity 4378K, committed 4480K, reserved 1048576K
}
Event: 4.549 GC heap before
{Heap before GC invocations=5 (full 0):
 garbage-first heap   total 262144K, used 41514K [0x00000000a0000000, 0x0000000100000000)
  region size 1024K, 26 young (26624K), 4 survivors (4096K)
 Metaspace       used 34975K, capacity 35767K, committed 35840K, reserved 1081344K
  class space    used 4573K, capacity 4919K, committed 4992K, reserved 1048576K
}
Event: 4.556 GC heap after
{Heap after GC invocations=6 (full 0):
 garbage-first heap   total 262144K, used 21956K [0x00000000a0000000, 0x0000000100000000)
  region size 1024K, 6 young (6144K), 6 survivors (6144K)
 Metaspace       used 34975K, capacity 35767K, committed 35840K, reserved 1081344K
  class space    used 4573K, capacity 4919K, committed 4992K, reserved 1048576K
}
Event: 6.282 GC heap before
{Heap before GC invocations=7 (full 0):
 garbage-first heap   total 262144K, used 157124K [0x00000000a0000000, 0x0000000100000000)
  region size 1024K, 135 young (138240K), 6 survivors (6144K)
 Metaspace       used 47015K, capacity 48208K, committed 48384K, reserved 1091584K
  class space    used 6110K, capacity 6561K, committed 6656K, reserved 1048576K
}
Event: 6.299 GC heap after
{Heap after GC invocations=8 (full 0):
 garbage-first heap   total 262144K, used 29439K [0x00000000a0000000, 0x0000000100000000)
  region size 1024K, 13 young (13312K), 13 survivors (13312K)
 Metaspace       used 47015K, capacity 48208K, committed 48384K, reserved 1091584K
  class space    used 6110K, capacity 6561K, committed 6656K, reserved 1048576K
}
Event: 8.366 GC heap before
{Heap before GC invocations=9 (full 0):
 garbage-first heap   total 262144K, used 176895K [0x00000000a0000000, 0x0000000100000000)
  region size 1024K, 153 young (156672K), 13 survivors (13312K)
 Metaspace       used 59918K, capacity 61588K, committed 61824K, reserved 1103872K
  class space    used 7730K, capacity 8312K, committed 8320K, reserved 1048576K
}
Event: 8.389 GC heap after
{Heap after GC invocations=10 (full 0):
 garbage-first heap   total 262144K, used 45194K [0x00000000a0000000, 0x0000000100000000)
  region size 1024K, 20 young (20480K), 20 survivors (20480K)
 Metaspace       used 59918K, capacity 61588K, committed 61824K, reserved 1103872K
  class space    used 7730K, capacity 8312K, committed 8320K, reserved 1048576K
}
Event: 10.162 GC heap before
{Heap before GC invocations=10 (full 0):
 garbage-first heap   total 262144K, used 181386K [0x00000000a0000000, 0x0000000100000000)
  region size 1024K, 153 young (156672K), 20 survivors (20480K)
 Metaspace       used 68228K, capacity 69965K, committed 70144K, reserved 1110016K
  class space    used 8801K, capacity 9421K, committed 9472K, reserved 1048576K
}
Event: 10.189 GC heap after
{Heap after GC invocations=11 (full 0):
 garbage-first heap   total 262144K, used 55628K [0x00000000a0000000, 0x0000000100000000)
  region size 1024K, 11 young (11264K), 11 survivors (11264K)
 Metaspace       used 68228K, capacity 69965K, committed 70144K, reserved 1110016K
  class space    used 8801K, capacity 9421K, committed 9472K, reserved 1048576K
}
Event: 11.861 GC heap before
{Heap before GC invocations=11 (full 0):
 garbage-first heap   total 262144K, used 187724K [0x00000000a0000000, 0x0000000100000000)
  region size 1024K, 141 young (144384K), 11 survivors (11264K)
 Metaspace       used 78879K, capacity 80829K, committed 81024K, reserved 1120256K
  class space    used 10425K, capacity 11121K, committed 11136K, reserved 1048576K
}
Event: 11.886 GC heap after
{Heap after GC invocations=12 (full 0):
 garbage-first heap   total 262144K, used 63820K [0x00000000a0000000, 0x0000000100000000)
  region size 1024K, 19 young (19456K), 19 survivors (19456K)
 Metaspace       used 78879K, capacity 80829K, committed 81024K, reserved 1120256K
  class space    used 10425K, capacity 11121K, committed 11136K, reserved 1048576K
}

